<?xml version="1.0" encoding="UTF-8"?>
<!-- Generated by org.testng.reporters.JUnitXMLReporter -->
<testsuite hostname="samrat-HP" ignored="0" name="Default test" tests="6" failures="0" timestamp="02 Mar 2020 08:27:09 GMT" time="14.984" errors="0">
  <testcase name="compilersTest" time="0.266" classname="com.testScripts.CompilersTest"/>
  <testcase name="compilersTest" time="0.224" classname="com.testScripts.CompilersTest"/>
  <testcase name="compilersTest" time="0.205" classname="com.testScripts.CompilersTest"/>
  <testcase name="compilersTest" time="0.256" classname="com.testScripts.CompilersTest"/>
  <testcase name="compilersTest" time="0.001" classname="com.testScripts.CompilersTest">
    <skipped/>
  </testcase> <!-- compilersTest -->
  <testcase name="compilersTest" time="0.001" classname="com.testScripts.CompilersTest">
    <skipped/>
  </testcase> <!-- compilersTest -->
</testsuite> <!-- Default test -->
