<?xml version="1.0" encoding="UTF-8"?>
<!-- Generated by org.testng.reporters.JUnitXMLReporter -->
<testsuite hostname="samrat-HP" ignored="0" name="Default test" tests="6" failures="0" timestamp="26 Feb 2020 08:20:42 GMT" time="16.879" errors="0">
  <testcase name="compilersTest" time="0.292" classname="com.testScripts.CompilersTest"/>
  <testcase name="compilersTest" time="0.265" classname="com.testScripts.CompilersTest"/>
  <testcase name="compilersTest" time="0.24" classname="com.testScripts.CompilersTest"/>
  <testcase name="compilersTest" time="0.295" classname="com.testScripts.CompilersTest"/>
  <testcase name="compilersTest" time="0.002" classname="com.testScripts.CompilersTest">
    <skipped/>
  </testcase> <!-- compilersTest -->
  <testcase name="compilersTest" time="0.002" classname="com.testScripts.CompilersTest">
    <skipped/>
  </testcase> <!-- compilersTest -->
</testsuite> <!-- Default test -->
