<?xml version="1.0" encoding="UTF-8"?>
<!-- Generated by org.testng.reporters.JUnitXMLReporter -->
<testsuite hostname="samrat-HP" ignored="0" name="Compilers test" tests="6" failures="0" timestamp="26 Feb 2020 12:52:38 GMT" time="24.898" errors="0">
  <testcase name="compilersTest" time="0.328" classname="com.testScripts.CompilersTest"/>
  <testcase name="compilersTest" time="0.203" classname="com.testScripts.CompilersTest"/>
  <testcase name="compilersTest" time="0.215" classname="com.testScripts.CompilersTest"/>
  <testcase name="compilersTest" time="0.361" classname="com.testScripts.CompilersTest"/>
  <testcase name="compilersTest" time="0.002" classname="com.testScripts.CompilersTest">
    <skipped/>
  </testcase> <!-- compilersTest -->
  <testcase name="compilersTest" time="0.002" classname="com.testScripts.CompilersTest">
    <skipped/>
  </testcase> <!-- compilersTest -->
</testsuite> <!-- Compilers test -->
