<?xml version="1.0" encoding="UTF-8"?>
<!-- Generated by org.testng.reporters.JUnitXMLReporter -->
<testsuite hostname="samrat-HP" ignored="0" name="Compilers test" tests="6" failures="0" timestamp="02 Mar 2020 08:27:55 GMT" time="14.51" errors="0">
  <testcase name="compilersTest" time="0.29" classname="com.testScripts.CompilersTest"/>
  <testcase name="compilersTest" time="0.281" classname="com.testScripts.CompilersTest"/>
  <testcase name="compilersTest" time="0.24" classname="com.testScripts.CompilersTest"/>
  <testcase name="compilersTest" time="0.287" classname="com.testScripts.CompilersTest"/>
  <testcase name="compilersTest" time="0.002" classname="com.testScripts.CompilersTest">
    <skipped/>
  </testcase> <!-- compilersTest -->
  <testcase name="compilersTest" time="0.002" classname="com.testScripts.CompilersTest">
    <skipped/>
  </testcase> <!-- compilersTest -->
</testsuite> <!-- Compilers test -->
